<?xml version="1.0" encoding="UTF-8"?>
<!-- Generated by org.testng.reporters.JUnitReportReporter -->
<testsuite hostname="DESKTOP-RB5DF6A" failures="0" tests="2" name="runner.TestRunner" time="20.595" errors="0" timestamp="2025-05-17T21:09:10 IST" skipped="0">
  <testcase classname="runner.TestRunner" name="runScenario" time="10.754"/>
  <testcase classname="runner.TestRunner" name="runScenario" time="9.841"/>
</testsuite> <!-- runner.TestRunner -->
