<?xml version="1.0" encoding="UTF-8"?>
<!-- Generated by org.testng.reporters.JUnitReportReporter -->
<testsuite hostname="DESKTOP-RB5DF6A" failures="0" tests="2" name="runner.TestRunner" time="3.785" errors="0" timestamp="2025-04-17T01:40:14 IST" skipped="0">
  <testcase classname="runner.TestRunner" name="runScenario" time="3.346"/>
  <testcase classname="runner.TestRunner" name="runScenario" time="0.439"/>
</testsuite> <!-- runner.TestRunner -->
