<?xml version="1.0" encoding="UTF-8"?>
<!-- Generated by org.testng.reporters.JUnitReportReporter -->
<testsuite hostname="DESKTOP-RB5DF6A" failures="0" tests="1" name="runner.TestRunner" time="7.317" errors="0" timestamp="2025-04-19T15:46:36 IST" skipped="0">
  <testcase classname="runner.TestRunner" name="runScenario" time="7.317"/>
</testsuite> <!-- runner.TestRunner -->
