<?xml version="1.0" encoding="UTF-8"?>
<!-- Generated by org.testng.reporters.JUnitReportReporter -->
<testsuite hostname="DESKTOP-RB5DF6A" failures="0" tests="2" name="runner.TestRunner" time="0.155" errors="0" timestamp="2025-04-13T11:42:34 IST" skipped="0">
  <testcase classname="runner.TestRunner" name="runScenario" time="0.013"/>
  <testcase classname="runner.TestRunner" name="runScenario" time="0.142"/>
</testsuite> <!-- runner.TestRunner -->
